This file contains any messages produced by compilers while
running configure, to aid debugging if configure makes a mistake.

It was created by CubeGUI configure 4.4-TP3, which was
generated by GNU Autoconf 2.69.  Invocation command line was

  $ ./configure --disable-option-checking --prefix=/home/kassuskley/Desktop/khedma/internship/julich/assignment/report/cubegui-install FC=gfortran F77=gfortran CC=gcc CXX=g++ ac_scorep_platform=linux ac_scorep_cross_compiling=no --cache-file=/dev/null --srcdir=.

## --------- ##
## Platform. ##
## --------- ##

hostname = localhost.localdomain
uname -m = x86_64
uname -r = 4.5.5-300.fc24.x86_64
uname -s = Linux
uname -v = #1 SMP Thu May 19 13:05:32 UTC 2016

/usr/bin/uname -p = x86_64
/bin/uname -X     = unknown

/bin/arch              = x86_64
/usr/bin/arch -k       = unknown
/usr/convex/getsysinfo = unknown
/usr/bin/hostinfo      = unknown
/bin/machine           = unknown
/usr/bin/oslevel       = unknown
/bin/universe          = unknown

PATH: /usr/local/bin/lustre-v4-III-ca-linux64/bin
PATH: /usr/local/bin/lustre-v4-III-ca-linux64/bin
PATH: /usr/lib64/ccache
PATH: /usr/local/bin
PATH: /usr/local/sbin
PATH: /usr/bin
PATH: /usr/sbin
PATH: /usr/local/bin/lustre-v4-III-ca-linux64/esterelv5_21.linux/bin
PATH: /home/kassuskley/Desktop/khedma/internship/julich/assignment/report/cube-install
PATH: /home/kassuskley/.local/bin
PATH: /home/kassuskley/bin
PATH: /usr/local/bin/lustre-v4-III-ca-linux64/esterelv5_21.linux/bin
PATH: /home/kassuskley/Desktop/khedma/internship/julich/assignment/report/cubelib-install/bin


## ----------- ##
## Core tests. ##
## ----------- ##

configure:2695: checking for cubelib-config
configure:2713: found /home/kassuskley/Desktop/khedma/internship/julich/assignment/report/cubelib-install/bin/cubelib-config
configure:2725: result: /home/kassuskley/Desktop/khedma/internship/julich/assignment/report/cubelib-install/bin/cubelib-config
configure:2764: Using cubelib-config : /home/kassuskley/Desktop/khedma/internship/julich/assignment/report/cubelib-install/bin/cubelib-config 
configure:2766: Using CubeLIB Include path : -I/home/kassuskley/Desktop/khedma/internship/julich/assignment/report/cubelib-install/include/cubelib 
configure:2768: Using CubeLIB ldflags :  -L/home/kassuskley/Desktop/khedma/internship/julich/assignment/report/cubelib-install/lib -Wl,-rpath -Wl,/home/kassuskley/Desktop/khedma/internship/julich/assignment/report/cubelib-install/lib 
configure:2770: Using CubeLIB libadd :  -lcube4 -lz 
configure:2889: checking for a BSD-compatible install
configure:2957: result: /usr/bin/install -c
configure:2968: checking whether build environment is sane
configure:3023: result: yes
configure:3174: checking for a thread-safe mkdir -p
configure:3213: result: /usr/bin/mkdir -p
configure:3220: checking for gawk
configure:3236: found /usr/bin/gawk
configure:3247: result: gawk
configure:3258: checking whether make sets $(MAKE)
configure:3280: result: yes
configure:3309: checking whether make supports nested variables
configure:3326: result: yes
configure:3405: checking how to create a pax tar archive
configure:3416: tar --version
tar (GNU tar) 1.28
Copyright (C) 2014 Free Software Foundation, Inc.
License GPLv3+: GNU GPL version 3 or later <http://gnu.org/licenses/gpl.html>.
This is free software: you are free to change and redistribute it.
There is NO WARRANTY, to the extent permitted by law.

Written by John Gilmore and Jay Fenlason.
configure:3419: $? = 0
configure:3459: tardir=conftest.dir && eval tar --format=posix -chf - "$tardir" >conftest.tar
configure:3462: $? = 0
configure:3466: tar -xf - <conftest.tar
configure:3469: $? = 0
configure:3471: cat conftest.dir/file
GrepMe
configure:3474: $? = 0
configure:3487: result: gnutar
configure:3506: checking whether make supports nested variables
configure:3523: result: yes
configure:3546: checking for style of include used by make
configure:3574: result: GNU
configure:3645: checking for gcc
configure:3672: result: gcc
configure:3901: checking for C compiler version
configure:3910: gcc --version >&5
gcc (GCC) 6.2.1 20160916 (Red Hat 6.2.1-2)
Copyright (C) 2016 Free Software Foundation, Inc.
This is free software; see the source for copying conditions.  There is NO
warranty; not even for MERCHANTABILITY or FITNESS FOR A PARTICULAR PURPOSE.

configure:3921: $? = 0
configure:3910: gcc -v >&5
Using built-in specs.
COLLECT_GCC=/usr/bin/gcc
COLLECT_LTO_WRAPPER=/usr/libexec/gcc/x86_64-redhat-linux/6.2.1/lto-wrapper
Target: x86_64-redhat-linux
Configured with: ../configure --enable-bootstrap --enable-languages=c,c++,objc,obj-c++,fortran,ada,go,lto --prefix=/usr --mandir=/usr/share/man --infodir=/usr/share/info --with-bugurl=http://bugzilla.redhat.com/bugzilla --enable-shared --enable-threads=posix --enable-checking=release --enable-multilib --with-system-zlib --enable-__cxa_atexit --disable-libunwind-exceptions --enable-gnu-unique-object --enable-linker-build-id --with-linker-hash-style=gnu --enable-plugin --enable-initfini-array --disable-libgcj --with-isl --enable-libmpx --enable-gnu-indirect-function --with-tune=generic --with-arch_32=i686 --build=x86_64-redhat-linux
Thread model: posix
gcc version 6.2.1 20160916 (Red Hat 6.2.1-2) (GCC) 
configure:3921: $? = 0
configure:3910: gcc -V >&5
gcc: error: unrecognized command line option '-V'
gcc: fatal error: no input files
compilation terminated.
configure:3921: $? = 1
configure:3910: gcc -qversion >&5
gcc: error: unrecognized command line option '-qversion'; did you mean '--version'?
gcc: fatal error: no input files
compilation terminated.
configure:3921: $? = 1
configure:3941: checking whether the C compiler works
configure:3963: gcc    conftest.c  >&5
configure:3967: $? = 0
configure:4015: result: yes
configure:4018: checking for C compiler default output file name
configure:4020: result: a.out
configure:4026: checking for suffix of executables
configure:4033: gcc -o conftest    conftest.c  >&5
configure:4037: $? = 0
configure:4059: result: 
configure:4081: checking whether we are cross compiling
configure:4089: gcc -o conftest    conftest.c  >&5
configure:4093: $? = 0
configure:4100: ./conftest
configure:4104: $? = 0
configure:4119: result: no
configure:4124: checking for suffix of object files
configure:4146: gcc -c   conftest.c >&5
configure:4150: $? = 0
configure:4171: result: o
configure:4175: checking whether we are using the GNU C compiler
configure:4194: gcc -c   conftest.c >&5
configure:4194: $? = 0
configure:4203: result: yes
configure:4212: checking whether gcc accepts -g
configure:4232: gcc -c -g  conftest.c >&5
configure:4232: $? = 0
configure:4273: result: yes
configure:4290: checking for gcc option to accept ISO C89
configure:4353: gcc  -c -g -O2  conftest.c >&5
configure:4353: $? = 0
configure:4366: result: none needed
configure:4388: checking dependency style of gcc
configure:4499: result: gcc3
configure:4564: checking for ar
configure:4580: found /usr/bin/ar
configure:4591: result: ar
configure:4617: checking the archiver (ar) interface
configure:4627: gcc -c -g -O2  conftest.c >&5
configure:4627: $? = 0
configure:4629: ar cru libconftest.a conftest.o >&5
configure:4632: $? = 0
configure:4655: result: ar
configure:4783: checking build system type
configure:4797: result: x86_64-pc-linux-gnu
configure:4817: checking host system type
configure:4830: result: x86_64-pc-linux-gnu
configure:4871: checking how to print strings
configure:4898: result: printf
configure:4919: checking for a sed that does not truncate output
configure:4983: result: /usr/bin/sed
configure:5001: checking for grep that handles long lines and -e
configure:5059: result: /usr/bin/grep
configure:5064: checking for egrep
configure:5126: result: /usr/bin/grep -E
configure:5131: checking for fgrep
configure:5193: result: /usr/bin/grep -F
configure:5228: checking for ld used by gcc
configure:5295: result: /usr/bin/ld
configure:5302: checking if the linker (/usr/bin/ld) is GNU ld
configure:5317: result: yes
configure:5329: checking for BSD- or MS-compatible name lister (nm)
configure:5383: result: /usr/bin/nm -B
configure:5513: checking the name lister (/usr/bin/nm -B) interface
configure:5520: gcc -c -g -O2  conftest.c >&5
configure:5523: /usr/bin/nm -B "conftest.o"
configure:5526: output
0000000000000000 B some_variable
configure:5533: result: BSD nm
configure:5536: checking whether ln -s works
configure:5540: result: yes
configure:5548: checking the maximum length of command line arguments
configure:5679: result: 1572864
configure:5727: checking how to convert x86_64-pc-linux-gnu file names to x86_64-pc-linux-gnu format
configure:5767: result: func_convert_file_noop
configure:5774: checking how to convert x86_64-pc-linux-gnu file names to toolchain format
configure:5794: result: func_convert_file_noop
configure:5801: checking for /usr/bin/ld option to reload object files
configure:5808: result: -r
configure:5882: checking for objdump
configure:5898: found /usr/bin/objdump
configure:5909: result: objdump
configure:5941: checking how to recognize dependent libraries
configure:6141: result: pass_all
configure:6226: checking for dlltool
configure:6256: result: no
configure:6286: checking how to associate runtime and link libraries
configure:6313: result: printf %s\n
configure:6437: checking for archiver @FILE support
configure:6454: gcc -c -g -O2  conftest.c >&5
configure:6454: $? = 0
configure:6457: ar cru libconftest.a @conftest.lst >&5
configure:6460: $? = 0
configure:6465: ar cru libconftest.a @conftest.lst >&5
ar: conftest.o: No such file or directory
configure:6468: $? = 1
configure:6480: result: @
configure:6543: checking for strip
configure:6561: found /usr/bin/strip
configure:6573: result: /usr/bin/strip
configure:6645: checking for ranlib
configure:6661: found /usr/bin/ranlib
configure:6672: result: ranlib
configure:6774: checking command to parse /usr/bin/nm -B output from gcc object
configure:6927: gcc -c -g -O2  conftest.c >&5
configure:6930: $? = 0
configure:6934: /usr/bin/nm -B conftest.o \| sed -n -e 's/^.*[ ]\([ABCDGIRSTW][ABCDGIRSTW]*\)[ ][ ]*\([_A-Za-z][_A-Za-z0-9]*\)$/\1 \2 \2/p' | sed '/ __gnu_lto/d' \> conftest.nm
configure:6937: $? = 0
configure:7003: gcc -o conftest -g -O2   conftest.c conftstm.o >&5
configure:7006: $? = 0
configure:7044: result: ok
configure:7091: checking for sysroot
configure:7121: result: no
configure:7128: checking for a working dd
configure:7166: result: /usr/bin/dd
configure:7170: checking how to truncate binary pipes
configure:7185: result: /usr/bin/dd bs=4096 count=1
configure:7321: gcc -c -g -O2  conftest.c >&5
configure:7324: $? = 0
configure:7514: checking for mt
configure:7544: result: no
configure:7564: checking if : is a manifest tool
configure:7570: : '-?'
configure:7578: result: no
configure:8255: checking how to run the C preprocessor
configure:8286: gcc -E  conftest.c
configure:8286: $? = 0
configure:8300: gcc -E  conftest.c
conftest.c:22:28: fatal error: ac_nonexistent.h: No such file or directory
 #include <ac_nonexistent.h>
                            ^
compilation terminated.
configure:8300: $? = 1
configure: failed program was:
| /* confdefs.h */
| #define PACKAGE_NAME "CubeGUI"
| #define PACKAGE_TARNAME "cubegui"
| #define PACKAGE_VERSION "4.4-TP3"
| #define PACKAGE_STRING "CubeGUI 4.4-TP3"
| #define PACKAGE_BUGREPORT "scalasca@fz-juelich.de"
| #define PACKAGE_URL "http://www.scalasca.org"
| #define LIBRARY_INTERFACE_VERSION "8:0:1"
| #define PKGLIBEXECDIR "/home/kassuskley/Desktop/khedma/internship/julich/assignment/report/cubegui-install/libexec/"
| #define PKGLIBEXECDIR "/home/kassuskley/Desktop/khedma/internship/julich/assignment/report/cubegui-install/libexec/"
| #define PKGDATADIR "/home/kassuskley/Desktop/khedma/internship/julich/assignment/report/cubegui-install/share/"
| #define CUBELIB_CONFIG "/home/kassuskley/Desktop/khedma/internship/julich/assignment/report/cubelib-install/bin/cubelib-config"
| #define PACKAGE "cubegui"
| #define VERSION "4.4-TP3"
| #define AFS_PACKAGE_BUILD "frontend"
| #define AFS_PACKAGE_SRCDIR "../"
| #define AFS_PACKAGE_BUILD_name frontend
| #define AFS_PACKAGE_BUILD_NAME FRONTEND
| #define AFS_PACKAGE_name cubegui
| #define AFS_PACKAGE_NAME CUBEGUI
| /* end confdefs.h.  */
| #include <ac_nonexistent.h>
configure:8325: result: gcc -E
configure:8345: gcc -E  conftest.c
configure:8345: $? = 0
configure:8359: gcc -E  conftest.c
conftest.c:22:28: fatal error: ac_nonexistent.h: No such file or directory
 #include <ac_nonexistent.h>
                            ^
compilation terminated.
configure:8359: $? = 1
configure: failed program was:
| /* confdefs.h */
| #define PACKAGE_NAME "CubeGUI"
| #define PACKAGE_TARNAME "cubegui"
| #define PACKAGE_VERSION "4.4-TP3"
| #define PACKAGE_STRING "CubeGUI 4.4-TP3"
| #define PACKAGE_BUGREPORT "scalasca@fz-juelich.de"
| #define PACKAGE_URL "http://www.scalasca.org"
| #define LIBRARY_INTERFACE_VERSION "8:0:1"
| #define PKGLIBEXECDIR "/home/kassuskley/Desktop/khedma/internship/julich/assignment/report/cubegui-install/libexec/"
| #define PKGLIBEXECDIR "/home/kassuskley/Desktop/khedma/internship/julich/assignment/report/cubegui-install/libexec/"
| #define PKGDATADIR "/home/kassuskley/Desktop/khedma/internship/julich/assignment/report/cubegui-install/share/"
| #define CUBELIB_CONFIG "/home/kassuskley/Desktop/khedma/internship/julich/assignment/report/cubelib-install/bin/cubelib-config"
| #define PACKAGE "cubegui"
| #define VERSION "4.4-TP3"
| #define AFS_PACKAGE_BUILD "frontend"
| #define AFS_PACKAGE_SRCDIR "../"
| #define AFS_PACKAGE_BUILD_name frontend
| #define AFS_PACKAGE_BUILD_NAME FRONTEND
| #define AFS_PACKAGE_name cubegui
| #define AFS_PACKAGE_NAME CUBEGUI
| /* end confdefs.h.  */
| #include <ac_nonexistent.h>
configure:8388: checking for ANSI C header files
configure:8408: gcc -c -g -O2  conftest.c >&5
configure:8408: $? = 0
configure:8481: gcc -o conftest -g -O2   conftest.c  >&5
configure:8481: $? = 0
configure:8481: ./conftest
configure:8481: $? = 0
configure:8492: result: yes
configure:8505: checking for sys/types.h
configure:8505: gcc -c -g -O2  conftest.c >&5
configure:8505: $? = 0
configure:8505: result: yes
configure:8505: checking for sys/stat.h
configure:8505: gcc -c -g -O2  conftest.c >&5
configure:8505: $? = 0
configure:8505: result: yes
configure:8505: checking for stdlib.h
configure:8505: gcc -c -g -O2  conftest.c >&5
configure:8505: $? = 0
configure:8505: result: yes
configure:8505: checking for string.h
configure:8505: gcc -c -g -O2  conftest.c >&5
configure:8505: $? = 0
configure:8505: result: yes
configure:8505: checking for memory.h
configure:8505: gcc -c -g -O2  conftest.c >&5
configure:8505: $? = 0
configure:8505: result: yes
configure:8505: checking for strings.h
configure:8505: gcc -c -g -O2  conftest.c >&5
configure:8505: $? = 0
configure:8505: result: yes
configure:8505: checking for inttypes.h
configure:8505: gcc -c -g -O2  conftest.c >&5
configure:8505: $? = 0
configure:8505: result: yes
configure:8505: checking for stdint.h
configure:8505: gcc -c -g -O2  conftest.c >&5
configure:8505: $? = 0
configure:8505: result: yes
configure:8505: checking for unistd.h
configure:8505: gcc -c -g -O2  conftest.c >&5
configure:8505: $? = 0
configure:8505: result: yes
configure:8519: checking for dlfcn.h
configure:8519: gcc -c -g -O2  conftest.c >&5
configure:8519: $? = 0
configure:8519: result: yes
configure:8775: checking for objdir
configure:8790: result: .libs
configure:9054: checking if gcc supports -fno-rtti -fno-exceptions
configure:9072: gcc -c -g -O2  -fno-rtti -fno-exceptions conftest.c >&5
cc1: warning: command line option '-fno-rtti' is valid for C++/ObjC++ but not for C
configure:9076: $? = 0
configure:9089: result: no
configure:9457: checking for gcc option to produce PIC
configure:9464: result: -fPIC -DPIC
configure:9472: checking if gcc PIC flag -fPIC -DPIC works
configure:9490: gcc -c -g -O2  -fPIC -DPIC -DPIC conftest.c >&5
configure:9494: $? = 0
configure:9507: result: yes
configure:9536: checking if gcc static flag -static works
configure:9564: result: no
configure:9579: checking if gcc supports -c -o file.o
configure:9600: gcc -c -g -O2  -o out/conftest2.o conftest.c >&5
configure:9604: $? = 0
configure:9626: result: yes
configure:9634: checking if gcc supports -c -o file.o
configure:9681: result: yes
configure:9714: checking whether the gcc linker (/usr/bin/ld -m elf_x86_64) supports shared libraries
configure:10995: result: yes
configure:11032: checking whether -lc should be explicitly linked in
configure:11040: gcc -c -g -O2  conftest.c >&5
configure:11043: $? = 0
configure:11058: gcc -shared  -fPIC -DPIC conftest.o  -v -Wl,-soname -Wl,conftest -o conftest 2\>\&1 \| /usr/bin/grep  -lc  \>/dev/null 2\>\&1
configure:11061: $? = 0
configure:11075: result: no
configure:11235: checking dynamic linker characteristics
configure:11816: gcc -o conftest -g -O2   -Wl,-rpath -Wl,/foo conftest.c  >&5
configure:11816: $? = 0
configure:12053: result: GNU/Linux ld.so
configure:12175: checking how to hardcode library paths into programs
configure:12200: result: immediate
configure:12748: checking whether stripping libraries is possible
configure:12753: result: yes
configure:12788: checking if libtool supports shared libraries
configure:12790: result: yes
configure:12793: checking whether to build shared libraries
configure:12818: result: yes
configure:12821: checking whether to build static libraries
configure:12825: result: yes
configure:12872: checking whether byte ordering is bigendian
configure:12887: gcc -c -g -O2  conftest.c >&5
conftest.c:35:9: error: unknown type name 'not'
         not a universal capable compiler
         ^~~
conftest.c:35:15: error: expected '=', ',', ';', 'asm' or '__attribute__' before 'universal'
         not a universal capable compiler
               ^~~~~~~~~
conftest.c:35:15: error: unknown type name 'universal'
configure:12887: $? = 1
configure: failed program was:
| /* confdefs.h */
| #define PACKAGE_NAME "CubeGUI"
| #define PACKAGE_TARNAME "cubegui"
| #define PACKAGE_VERSION "4.4-TP3"
| #define PACKAGE_STRING "CubeGUI 4.4-TP3"
| #define PACKAGE_BUGREPORT "scalasca@fz-juelich.de"
| #define PACKAGE_URL "http://www.scalasca.org"
| #define LIBRARY_INTERFACE_VERSION "8:0:1"
| #define PKGLIBEXECDIR "/home/kassuskley/Desktop/khedma/internship/julich/assignment/report/cubegui-install/libexec/"
| #define PKGLIBEXECDIR "/home/kassuskley/Desktop/khedma/internship/julich/assignment/report/cubegui-install/libexec/"
| #define PKGDATADIR "/home/kassuskley/Desktop/khedma/internship/julich/assignment/report/cubegui-install/share/"
| #define CUBELIB_CONFIG "/home/kassuskley/Desktop/khedma/internship/julich/assignment/report/cubelib-install/bin/cubelib-config"
| #define PACKAGE "cubegui"
| #define VERSION "4.4-TP3"
| #define AFS_PACKAGE_BUILD "frontend"
| #define AFS_PACKAGE_SRCDIR "../"
| #define AFS_PACKAGE_BUILD_name frontend
| #define AFS_PACKAGE_BUILD_NAME FRONTEND
| #define AFS_PACKAGE_name cubegui
| #define AFS_PACKAGE_NAME CUBEGUI
| #define STDC_HEADERS 1
| #define HAVE_SYS_TYPES_H 1
| #define HAVE_SYS_STAT_H 1
| #define HAVE_STDLIB_H 1
| #define HAVE_STRING_H 1
| #define HAVE_MEMORY_H 1
| #define HAVE_STRINGS_H 1
| #define HAVE_INTTYPES_H 1
| #define HAVE_STDINT_H 1
| #define HAVE_UNISTD_H 1
| #define HAVE_DLFCN_H 1
| #define LT_OBJDIR ".libs/"
| /* end confdefs.h.  */
| #ifndef __APPLE_CC__
| 	       not a universal capable compiler
| 	     #endif
| 	     typedef int dummy;
| 
configure:12932: gcc -c -g -O2  conftest.c >&5
configure:12932: $? = 0
configure:12950: gcc -c -g -O2  conftest.c >&5
conftest.c: In function 'main':
conftest.c:41:4: error: unknown type name 'not'
    not big endian
    ^~~
conftest.c:41:12: error: expected '=', ',', ';', 'asm' or '__attribute__' before 'endian'
    not big endian
            ^~~~~~
configure:12950: $? = 1
configure: failed program was:
| /* confdefs.h */
| #define PACKAGE_NAME "CubeGUI"
| #define PACKAGE_TARNAME "cubegui"
| #define PACKAGE_VERSION "4.4-TP3"
| #define PACKAGE_STRING "CubeGUI 4.4-TP3"
| #define PACKAGE_BUGREPORT "scalasca@fz-juelich.de"
| #define PACKAGE_URL "http://www.scalasca.org"
| #define LIBRARY_INTERFACE_VERSION "8:0:1"
| #define PKGLIBEXECDIR "/home/kassuskley/Desktop/khedma/internship/julich/assignment/report/cubegui-install/libexec/"
| #define PKGLIBEXECDIR "/home/kassuskley/Desktop/khedma/internship/julich/assignment/report/cubegui-install/libexec/"
| #define PKGDATADIR "/home/kassuskley/Desktop/khedma/internship/julich/assignment/report/cubegui-install/share/"
| #define CUBELIB_CONFIG "/home/kassuskley/Desktop/khedma/internship/julich/assignment/report/cubelib-install/bin/cubelib-config"
| #define PACKAGE "cubegui"
| #define VERSION "4.4-TP3"
| #define AFS_PACKAGE_BUILD "frontend"
| #define AFS_PACKAGE_SRCDIR "../"
| #define AFS_PACKAGE_BUILD_name frontend
| #define AFS_PACKAGE_BUILD_NAME FRONTEND
| #define AFS_PACKAGE_name cubegui
| #define AFS_PACKAGE_NAME CUBEGUI
| #define STDC_HEADERS 1
| #define HAVE_SYS_TYPES_H 1
| #define HAVE_SYS_STAT_H 1
| #define HAVE_STDLIB_H 1
| #define HAVE_STRING_H 1
| #define HAVE_MEMORY_H 1
| #define HAVE_STRINGS_H 1
| #define HAVE_INTTYPES_H 1
| #define HAVE_STDINT_H 1
| #define HAVE_UNISTD_H 1
| #define HAVE_DLFCN_H 1
| #define LT_OBJDIR ".libs/"
| /* end confdefs.h.  */
| #include <sys/types.h>
| 		#include <sys/param.h>
| 
| int
| main ()
| {
| #if BYTE_ORDER != BIG_ENDIAN
| 		 not big endian
| 		#endif
| 
|   ;
|   return 0;
| }
configure:13078: result: no
configure:13208: checking for C++ compiler version
configure:13217: g++ --version >&5
g++ (GCC) 6.2.1 20160916 (Red Hat 6.2.1-2)
Copyright (C) 2016 Free Software Foundation, Inc.
This is free software; see the source for copying conditions.  There is NO
warranty; not even for MERCHANTABILITY or FITNESS FOR A PARTICULAR PURPOSE.

configure:13228: $? = 0
configure:13217: g++ -v >&5
Using built-in specs.
COLLECT_GCC=/usr/bin/g++
COLLECT_LTO_WRAPPER=/usr/libexec/gcc/x86_64-redhat-linux/6.2.1/lto-wrapper
Target: x86_64-redhat-linux
Configured with: ../configure --enable-bootstrap --enable-languages=c,c++,objc,obj-c++,fortran,ada,go,lto --prefix=/usr --mandir=/usr/share/man --infodir=/usr/share/info --with-bugurl=http://bugzilla.redhat.com/bugzilla --enable-shared --enable-threads=posix --enable-checking=release --enable-multilib --with-system-zlib --enable-__cxa_atexit --disable-libunwind-exceptions --enable-gnu-unique-object --enable-linker-build-id --with-linker-hash-style=gnu --enable-plugin --enable-initfini-array --disable-libgcj --with-isl --enable-libmpx --enable-gnu-indirect-function --with-tune=generic --with-arch_32=i686 --build=x86_64-redhat-linux
Thread model: posix
gcc version 6.2.1 20160916 (Red Hat 6.2.1-2) (GCC) 
configure:13228: $? = 0
configure:13217: g++ -V >&5
g++: error: unrecognized command line option '-V'
g++: fatal error: no input files
compilation terminated.
configure:13228: $? = 1
configure:13217: g++ -qversion >&5
g++: error: unrecognized command line option '-qversion'; did you mean '--version'?
g++: fatal error: no input files
compilation terminated.
configure:13228: $? = 1
configure:13232: checking whether we are using the GNU C++ compiler
configure:13251: g++ -c   conftest.cpp >&5
configure:13251: $? = 0
configure:13260: result: yes
configure:13269: checking whether g++ accepts -g
configure:13289: g++ -c -g  conftest.cpp >&5
configure:13289: $? = 0
configure:13330: result: yes
configure:13355: checking dependency style of g++
configure:13466: result: gcc3
configure:13499: checking how to run the C++ preprocessor
configure:13526: g++ -E  conftest.cpp
configure:13526: $? = 0
configure:13540: g++ -E  conftest.cpp
conftest.cpp:34:28: fatal error: ac_nonexistent.h: No such file or directory
 #include <ac_nonexistent.h>
                            ^
compilation terminated.
configure:13540: $? = 1
configure: failed program was:
| /* confdefs.h */
| #define PACKAGE_NAME "CubeGUI"
| #define PACKAGE_TARNAME "cubegui"
| #define PACKAGE_VERSION "4.4-TP3"
| #define PACKAGE_STRING "CubeGUI 4.4-TP3"
| #define PACKAGE_BUGREPORT "scalasca@fz-juelich.de"
| #define PACKAGE_URL "http://www.scalasca.org"
| #define LIBRARY_INTERFACE_VERSION "8:0:1"
| #define PKGLIBEXECDIR "/home/kassuskley/Desktop/khedma/internship/julich/assignment/report/cubegui-install/libexec/"
| #define PKGLIBEXECDIR "/home/kassuskley/Desktop/khedma/internship/julich/assignment/report/cubegui-install/libexec/"
| #define PKGDATADIR "/home/kassuskley/Desktop/khedma/internship/julich/assignment/report/cubegui-install/share/"
| #define CUBELIB_CONFIG "/home/kassuskley/Desktop/khedma/internship/julich/assignment/report/cubelib-install/bin/cubelib-config"
| #define PACKAGE "cubegui"
| #define VERSION "4.4-TP3"
| #define AFS_PACKAGE_BUILD "frontend"
| #define AFS_PACKAGE_SRCDIR "../"
| #define AFS_PACKAGE_BUILD_name frontend
| #define AFS_PACKAGE_BUILD_NAME FRONTEND
| #define AFS_PACKAGE_name cubegui
| #define AFS_PACKAGE_NAME CUBEGUI
| #define STDC_HEADERS 1
| #define HAVE_SYS_TYPES_H 1
| #define HAVE_SYS_STAT_H 1
| #define HAVE_STDLIB_H 1
| #define HAVE_STRING_H 1
| #define HAVE_MEMORY_H 1
| #define HAVE_STRINGS_H 1
| #define HAVE_INTTYPES_H 1
| #define HAVE_STDINT_H 1
| #define HAVE_UNISTD_H 1
| #define HAVE_DLFCN_H 1
| #define LT_OBJDIR ".libs/"
| /* end confdefs.h.  */
| #include <ac_nonexistent.h>
configure:13565: result: g++ -E
configure:13585: g++ -E  conftest.cpp
configure:13585: $? = 0
configure:13599: g++ -E  conftest.cpp
conftest.cpp:34:28: fatal error: ac_nonexistent.h: No such file or directory
 #include <ac_nonexistent.h>
                            ^
compilation terminated.
configure:13599: $? = 1
configure: failed program was:
| /* confdefs.h */
| #define PACKAGE_NAME "CubeGUI"
| #define PACKAGE_TARNAME "cubegui"
| #define PACKAGE_VERSION "4.4-TP3"
| #define PACKAGE_STRING "CubeGUI 4.4-TP3"
| #define PACKAGE_BUGREPORT "scalasca@fz-juelich.de"
| #define PACKAGE_URL "http://www.scalasca.org"
| #define LIBRARY_INTERFACE_VERSION "8:0:1"
| #define PKGLIBEXECDIR "/home/kassuskley/Desktop/khedma/internship/julich/assignment/report/cubegui-install/libexec/"
| #define PKGLIBEXECDIR "/home/kassuskley/Desktop/khedma/internship/julich/assignment/report/cubegui-install/libexec/"
| #define PKGDATADIR "/home/kassuskley/Desktop/khedma/internship/julich/assignment/report/cubegui-install/share/"
| #define CUBELIB_CONFIG "/home/kassuskley/Desktop/khedma/internship/julich/assignment/report/cubelib-install/bin/cubelib-config"
| #define PACKAGE "cubegui"
| #define VERSION "4.4-TP3"
| #define AFS_PACKAGE_BUILD "frontend"
| #define AFS_PACKAGE_SRCDIR "../"
| #define AFS_PACKAGE_BUILD_name frontend
| #define AFS_PACKAGE_BUILD_NAME FRONTEND
| #define AFS_PACKAGE_name cubegui
| #define AFS_PACKAGE_NAME CUBEGUI
| #define STDC_HEADERS 1
| #define HAVE_SYS_TYPES_H 1
| #define HAVE_SYS_STAT_H 1
| #define HAVE_STDLIB_H 1
| #define HAVE_STRING_H 1
| #define HAVE_MEMORY_H 1
| #define HAVE_STRINGS_H 1
| #define HAVE_INTTYPES_H 1
| #define HAVE_STDINT_H 1
| #define HAVE_UNISTD_H 1
| #define HAVE_DLFCN_H 1
| #define LT_OBJDIR ".libs/"
| /* end confdefs.h.  */
| #include <ac_nonexistent.h>
configure:13761: checking for ld used by g++
configure:13828: result: /usr/bin/ld -m elf_x86_64
configure:13835: checking if the linker (/usr/bin/ld -m elf_x86_64) is GNU ld
configure:13850: result: yes
configure:13905: checking whether the g++ linker (/usr/bin/ld -m elf_x86_64) supports shared libraries
configure:15025: result: yes
configure:15061: g++ -c -g -O2  conftest.cpp >&5
configure:15064: $? = 0
configure:15568: checking for g++ option to produce PIC
configure:15575: result: -fPIC -DPIC
configure:15583: checking if g++ PIC flag -fPIC -DPIC works
configure:15601: g++ -c -g -O2  -fPIC -DPIC -DPIC conftest.cpp >&5
configure:15605: $? = 0
configure:15618: result: yes
configure:15641: checking if g++ static flag -static works
configure:15669: result: no
configure:15681: checking if g++ supports -c -o file.o
configure:15702: g++ -c -g -O2  -o out/conftest2.o conftest.cpp >&5
configure:15706: $? = 0
configure:15728: result: yes
configure:15733: checking if g++ supports -c -o file.o
configure:15780: result: yes
configure:15810: checking whether the g++ linker (/usr/bin/ld -m elf_x86_64) supports shared libraries
configure:15850: result: yes
configure:15991: checking dynamic linker characteristics
configure:16736: result: GNU/Linux ld.so
configure:16801: checking how to hardcode library paths into programs
configure:16826: result: immediate
configure:16867: checking whether gcc and cc understand -c and -o together
configure:16898: gcc -c conftest.c -o conftest2.o >&5
configure:16902: $? = 0
configure:16908: gcc -c conftest.c -o conftest2.o >&5
configure:16912: $? = 0
configure:16923: cc -c conftest.c >&5
configure:16927: $? = 0
configure:16935: cc -c conftest.c -o conftest2.o >&5
configure:16939: $? = 0
configure:16945: cc -c conftest.c -o conftest2.o >&5
configure:16949: $? = 0
configure:16967: result: yes
configure: this is autotroll.m4 serial 5
configure:17031: checking whether host operating system is Darwin
configure:17044: result: no
configure:17165: checking for qmake
configure:17184: found /usr/lib64/qt4/bin/qmake
configure:17196: result: /usr/lib64/qt4/bin/qmake
configure:17239: checking Qt specification
configure:17244: Running /usr/lib64/qt4/bin/qmake --query:
QT_INSTALL_PREFIX:/usr/lib64/qt4
QT_INSTALL_DATA:/usr/lib64/qt4
QT_INSTALL_DOCS:/usr/share/doc/qt4
QT_INSTALL_HEADERS:/usr/include
QT_INSTALL_LIBS:/usr/lib64
QT_INSTALL_BINS:/usr/lib64/qt4/bin
QT_INSTALL_PLUGINS:/usr/lib64/qt4/plugins
QT_INSTALL_IMPORTS:/usr/lib64/qt4/imports
QT_INSTALL_TRANSLATIONS:/usr/share/qt4/translations
QT_INSTALL_CONFIGURATION:/etc
QT_INSTALL_EXAMPLES:/usr/lib64/qt4/examples
QT_INSTALL_DEMOS:/usr/lib64/qt4/demos
QMAKE_MKSPECS:/usr/lib64/qt4/mkspecs
QMAKE_VERSION:2.01a
QT_VERSION:4.8.7
configure:17254: result: default
configure:17282: checking for Qt's version
configure:17287: Running /usr/lib64/qt4/bin/qmake --version:
QMake version 2.01a
Using Qt version 4.8.7 in /usr/lib64
configure:17292: result: 4.8.7
configure:17321: Try to test Qt with g++ and Qt specification "default". 
configure:17323: If it fails, please specify proper frontend compiler using option --with-frontend-compiler-suite or different Qt specification using option --with-qt-specs.
configure:17422: Invoking /usr/lib64/qt4/bin/qmake on conftest.dir.pro
| ######################################################################
| # Automatically generated by qmake (2.01a) Wed Nov 23 21:37:56 2016
| ######################################################################
| 
| TEMPLATE = app
| TARGET = 
| DEPENDPATH += .
| INCLUDEPATH += .
| 
| # Input
| HEADERS += conftest.h
| SOURCES += conftest.cpp
| QT += network
| QT += widgets
| QT += printsupport
| CONFIG += plugin
| WITH_GUI=yes
configure:17487: fixing the Makefiles: Makefile
Makefile: updated 0 relative paths and 0 backslash-style paths
configure:17569: checking whether we can build a simple Qt app
g++ -c -pipe -O2 -Wall -W -D_REENTRANT -DQT_NO_DEBUG -DQT_PLUGIN -DQT_GUI_LIB -DQT_NETWORK_LIB -DQT_CORE_LIB -DQT_SHARED -I/usr/lib64/qt4/mkspecs/linux-g++ -I. -I/usr/include/QtCore -I/usr/include/QtNetwork -I/usr/include/QtGui -I/usr/include -I. -I. -o conftest.o conftest.cpp
/usr/lib64/qt4/bin/moc -DQT_NO_DEBUG -DQT_PLUGIN -DQT_GUI_LIB -DQT_NETWORK_LIB -DQT_CORE_LIB -DQT_SHARED -I/usr/lib64/qt4/mkspecs/linux-g++ -I. -I/usr/include/QtCore -I/usr/include/QtNetwork -I/usr/include/QtGui -I/usr/include -I. -I. conftest.h -o moc_conftest.cpp
g++ -c -pipe -O2 -Wall -W -D_REENTRANT -DQT_NO_DEBUG -DQT_PLUGIN -DQT_GUI_LIB -DQT_NETWORK_LIB -DQT_CORE_LIB -DQT_SHARED -I/usr/lib64/qt4/mkspecs/linux-g++ -I. -I/usr/include/QtCore -I/usr/include/QtNetwork -I/usr/include/QtGui -I/usr/include -I. -I. -o moc_conftest.o moc_conftest.cpp
g++ -Wl,-O1 -o conftest conftest.o moc_conftest.o    -L/usr/lib64 -lQtGui -lQtNetwork -lQtCore -lpthread 
configure:17636: result: ok, looks like at least Qt 4
configure:17709: checking for moc
configure:17728: found /usr/lib64/qt4/bin/moc
configure:17740: result: /usr/lib64/qt4/bin/moc
configure:17827: checking for uic
configure:17846: found /usr/lib64/qt4/bin/uic
configure:17858: result: /usr/lib64/qt4/bin/uic
configure:17943: checking for rcc
configure:17962: found /usr/bin/rcc
configure:17974: result: /usr/bin/rcc
configure:18009: checking for the DEFINES to use with Qt
configure:18016: result: -DQT_NO_DEBUG -DQT_PLUGIN -DQT_GUI_LIB -DQT_NETWORK_LIB -DQT_CORE_LIB -DQT_SHARED
configure:18022: checking for the CFLAGS to use with Qt
configure:18029: result: -pipe -O2 -Wall -W -D_REENTRANT $(QT_DEFINES)
configure:18035: checking for the CXXFLAGS to use with Qt
configure:18042: result: -pipe -O2 -Wall -W -D_REENTRANT $(QT_DEFINES)
configure:18048: checking for the INCPATH to use with Qt
configure:18055: result: -I/usr/lib64/qt4/mkspecs/linux-g++ -I. -I/usr/include/QtCore -I/usr/include/QtNetwork -I/usr/include/QtGui -I/usr/include -I. -I.
configure:18064: checking for the LDFLAGS to use with Qt
configure:18071: result: -Wl,-O1
configure:18079: checking for the LIBS to use with Qt
configure:18097: result: -L/usr/lib64 -lQtGui -lQtNetwork -lQtCore -lpthread 
configure:18173: checking  plugin "Launch"
configure:18192: result:  activate.
configure:18202: checking  plugin "CubeDiff"
configure:18221: result:  activate.
configure:18236: checking  plugin "graphwidgetcommon"
configure:18240: result:  activate.
configure:18266: checking  plugin "Barplot"
configure:18285: result:  activate.
configure:18300: checking  plugin "Heatmap"
configure:18319: result:  activate.
configure:18334: checking  plugin "SourceEditor"
configure:18353: result:  activate.
configure:18368: checking  plugin "Statistics"
configure:18387: result:  activate.
configure:18439: checking dbus/dbus.h usability
configure:18439: gcc -c -g -O2  conftest.c >&5
conftest.c:70:23: fatal error: dbus/dbus.h: No such file or directory
 #include <dbus/dbus.h>
                       ^
compilation terminated.
configure:18439: $? = 1
configure: failed program was:
| /* confdefs.h */
| #define PACKAGE_NAME "CubeGUI"
| #define PACKAGE_TARNAME "cubegui"
| #define PACKAGE_VERSION "4.4-TP3"
| #define PACKAGE_STRING "CubeGUI 4.4-TP3"
| #define PACKAGE_BUGREPORT "scalasca@fz-juelich.de"
| #define PACKAGE_URL "http://www.scalasca.org"
| #define LIBRARY_INTERFACE_VERSION "8:0:1"
| #define PKGLIBEXECDIR "/home/kassuskley/Desktop/khedma/internship/julich/assignment/report/cubegui-install/libexec/"
| #define PKGLIBEXECDIR "/home/kassuskley/Desktop/khedma/internship/julich/assignment/report/cubegui-install/libexec/"
| #define PKGDATADIR "/home/kassuskley/Desktop/khedma/internship/julich/assignment/report/cubegui-install/share/"
| #define CUBELIB_CONFIG "/home/kassuskley/Desktop/khedma/internship/julich/assignment/report/cubelib-install/bin/cubelib-config"
| #define PACKAGE "cubegui"
| #define VERSION "4.4-TP3"
| #define AFS_PACKAGE_BUILD "frontend"
| #define AFS_PACKAGE_SRCDIR "../"
| #define AFS_PACKAGE_BUILD_name frontend
| #define AFS_PACKAGE_BUILD_NAME FRONTEND
| #define AFS_PACKAGE_name cubegui
| #define AFS_PACKAGE_NAME CUBEGUI
| #define STDC_HEADERS 1
| #define HAVE_SYS_TYPES_H 1
| #define HAVE_SYS_STAT_H 1
| #define HAVE_STDLIB_H 1
| #define HAVE_STRING_H 1
| #define HAVE_MEMORY_H 1
| #define HAVE_STRINGS_H 1
| #define HAVE_INTTYPES_H 1
| #define HAVE_STDINT_H 1
| #define HAVE_UNISTD_H 1
| #define HAVE_DLFCN_H 1
| #define LT_OBJDIR ".libs/"
| #define QT_PATH "/usr/lib64/qt4/bin/qmake"
| #define QT_SPECS "default"
| #define QT_VERSION_CUBE "4.8.7"
| /* end confdefs.h.  */
| #include <stdio.h>
| #ifdef HAVE_SYS_TYPES_H
| # include <sys/types.h>
| #endif
| #ifdef HAVE_SYS_STAT_H
| # include <sys/stat.h>
| #endif
| #ifdef STDC_HEADERS
| # include <stdlib.h>
| # include <stddef.h>
| #else
| # ifdef HAVE_STDLIB_H
| #  include <stdlib.h>
| # endif
| #endif
| #ifdef HAVE_STRING_H
| # if !defined STDC_HEADERS && defined HAVE_MEMORY_H
| #  include <memory.h>
| # endif
| # include <string.h>
| #endif
| #ifdef HAVE_STRINGS_H
| # include <strings.h>
| #endif
| #ifdef HAVE_INTTYPES_H
| # include <inttypes.h>
| #endif
| #ifdef HAVE_STDINT_H
| # include <stdint.h>
| #endif
| #ifdef HAVE_UNISTD_H
| # include <unistd.h>
| #endif
| #include <dbus/dbus.h>
configure:18439: result: no
configure:18439: checking dbus/dbus.h presence
configure:18439: gcc -E  conftest.c
conftest.c:37:23: fatal error: dbus/dbus.h: No such file or directory
 #include <dbus/dbus.h>
                       ^
compilation terminated.
configure:18439: $? = 1
configure: failed program was:
| /* confdefs.h */
| #define PACKAGE_NAME "CubeGUI"
| #define PACKAGE_TARNAME "cubegui"
| #define PACKAGE_VERSION "4.4-TP3"
| #define PACKAGE_STRING "CubeGUI 4.4-TP3"
| #define PACKAGE_BUGREPORT "scalasca@fz-juelich.de"
| #define PACKAGE_URL "http://www.scalasca.org"
| #define LIBRARY_INTERFACE_VERSION "8:0:1"
| #define PKGLIBEXECDIR "/home/kassuskley/Desktop/khedma/internship/julich/assignment/report/cubegui-install/libexec/"
| #define PKGLIBEXECDIR "/home/kassuskley/Desktop/khedma/internship/julich/assignment/report/cubegui-install/libexec/"
| #define PKGDATADIR "/home/kassuskley/Desktop/khedma/internship/julich/assignment/report/cubegui-install/share/"
| #define CUBELIB_CONFIG "/home/kassuskley/Desktop/khedma/internship/julich/assignment/report/cubelib-install/bin/cubelib-config"
| #define PACKAGE "cubegui"
| #define VERSION "4.4-TP3"
| #define AFS_PACKAGE_BUILD "frontend"
| #define AFS_PACKAGE_SRCDIR "../"
| #define AFS_PACKAGE_BUILD_name frontend
| #define AFS_PACKAGE_BUILD_NAME FRONTEND
| #define AFS_PACKAGE_name cubegui
| #define AFS_PACKAGE_NAME CUBEGUI
| #define STDC_HEADERS 1
| #define HAVE_SYS_TYPES_H 1
| #define HAVE_SYS_STAT_H 1
| #define HAVE_STDLIB_H 1
| #define HAVE_STRING_H 1
| #define HAVE_MEMORY_H 1
| #define HAVE_STRINGS_H 1
| #define HAVE_INTTYPES_H 1
| #define HAVE_STDINT_H 1
| #define HAVE_UNISTD_H 1
| #define HAVE_DLFCN_H 1
| #define LT_OBJDIR ".libs/"
| #define QT_PATH "/usr/lib64/qt4/bin/qmake"
| #define QT_SPECS "default"
| #define QT_VERSION_CUBE "4.8.7"
| /* end confdefs.h.  */
| #include <dbus/dbus.h>
configure:18439: result: no
configure:18439: checking for dbus/dbus.h
configure:18439: result: no
configure:18487: checking for library containing dbus_threads_init
configure:18518: gcc -o conftest -g -O2   conftest.c  >&5
/tmp/ccVH4hwp.o: In function `main':
/home/kassuskley/Desktop/khedma/internship/julich/assignment/report/cubegui-4.4-TP3/build-frontend/conftest.c:48: undefined reference to `dbus_threads_init'
collect2: error: ld returned 1 exit status
configure:18518: $? = 1
configure: failed program was:
| /* confdefs.h */
| #define PACKAGE_NAME "CubeGUI"
| #define PACKAGE_TARNAME "cubegui"
| #define PACKAGE_VERSION "4.4-TP3"
| #define PACKAGE_STRING "CubeGUI 4.4-TP3"
| #define PACKAGE_BUGREPORT "scalasca@fz-juelich.de"
| #define PACKAGE_URL "http://www.scalasca.org"
| #define LIBRARY_INTERFACE_VERSION "8:0:1"
| #define PKGLIBEXECDIR "/home/kassuskley/Desktop/khedma/internship/julich/assignment/report/cubegui-install/libexec/"
| #define PKGLIBEXECDIR "/home/kassuskley/Desktop/khedma/internship/julich/assignment/report/cubegui-install/libexec/"
| #define PKGDATADIR "/home/kassuskley/Desktop/khedma/internship/julich/assignment/report/cubegui-install/share/"
| #define CUBELIB_CONFIG "/home/kassuskley/Desktop/khedma/internship/julich/assignment/report/cubelib-install/bin/cubelib-config"
| #define PACKAGE "cubegui"
| #define VERSION "4.4-TP3"
| #define AFS_PACKAGE_BUILD "frontend"
| #define AFS_PACKAGE_SRCDIR "../"
| #define AFS_PACKAGE_BUILD_name frontend
| #define AFS_PACKAGE_BUILD_NAME FRONTEND
| #define AFS_PACKAGE_name cubegui
| #define AFS_PACKAGE_NAME CUBEGUI
| #define STDC_HEADERS 1
| #define HAVE_SYS_TYPES_H 1
| #define HAVE_SYS_STAT_H 1
| #define HAVE_STDLIB_H 1
| #define HAVE_STRING_H 1
| #define HAVE_MEMORY_H 1
| #define HAVE_STRINGS_H 1
| #define HAVE_INTTYPES_H 1
| #define HAVE_STDINT_H 1
| #define HAVE_UNISTD_H 1
| #define HAVE_DLFCN_H 1
| #define LT_OBJDIR ".libs/"
| #define QT_PATH "/usr/lib64/qt4/bin/qmake"
| #define QT_SPECS "default"
| #define QT_VERSION_CUBE "4.8.7"
| /* end confdefs.h.  */
| 
| /* Override any GCC internal prototype to avoid an error.
|    Use char because int might match the return type of a GCC
|    builtin and then its argument prototype would still apply.  */
| #ifdef __cplusplus
| extern "C"
| #endif
| char dbus_threads_init ();
| int
| main ()
| {
| return dbus_threads_init ();
|   ;
|   return 0;
| }
configure:18518: gcc -o conftest -g -O2   conftest.c -ldbus-1   >&5
/usr/bin/ld: cannot find -ldbus-1
collect2: error: ld returned 1 exit status
configure:18518: $? = 1
configure: failed program was:
| /* confdefs.h */
| #define PACKAGE_NAME "CubeGUI"
| #define PACKAGE_TARNAME "cubegui"
| #define PACKAGE_VERSION "4.4-TP3"
| #define PACKAGE_STRING "CubeGUI 4.4-TP3"
| #define PACKAGE_BUGREPORT "scalasca@fz-juelich.de"
| #define PACKAGE_URL "http://www.scalasca.org"
| #define LIBRARY_INTERFACE_VERSION "8:0:1"
| #define PKGLIBEXECDIR "/home/kassuskley/Desktop/khedma/internship/julich/assignment/report/cubegui-install/libexec/"
| #define PKGLIBEXECDIR "/home/kassuskley/Desktop/khedma/internship/julich/assignment/report/cubegui-install/libexec/"
| #define PKGDATADIR "/home/kassuskley/Desktop/khedma/internship/julich/assignment/report/cubegui-install/share/"
| #define CUBELIB_CONFIG "/home/kassuskley/Desktop/khedma/internship/julich/assignment/report/cubelib-install/bin/cubelib-config"
| #define PACKAGE "cubegui"
| #define VERSION "4.4-TP3"
| #define AFS_PACKAGE_BUILD "frontend"
| #define AFS_PACKAGE_SRCDIR "../"
| #define AFS_PACKAGE_BUILD_name frontend
| #define AFS_PACKAGE_BUILD_NAME FRONTEND
| #define AFS_PACKAGE_name cubegui
| #define AFS_PACKAGE_NAME CUBEGUI
| #define STDC_HEADERS 1
| #define HAVE_SYS_TYPES_H 1
| #define HAVE_SYS_STAT_H 1
| #define HAVE_STDLIB_H 1
| #define HAVE_STRING_H 1
| #define HAVE_MEMORY_H 1
| #define HAVE_STRINGS_H 1
| #define HAVE_INTTYPES_H 1
| #define HAVE_STDINT_H 1
| #define HAVE_UNISTD_H 1
| #define HAVE_DLFCN_H 1
| #define LT_OBJDIR ".libs/"
| #define QT_PATH "/usr/lib64/qt4/bin/qmake"
| #define QT_SPECS "default"
| #define QT_VERSION_CUBE "4.8.7"
| /* end confdefs.h.  */
| 
| /* Override any GCC internal prototype to avoid an error.
|    Use char because int might match the return type of a GCC
|    builtin and then its argument prototype would still apply.  */
| #ifdef __cplusplus
| extern "C"
| #endif
| char dbus_threads_init ();
| int
| main ()
| {
| return dbus_threads_init ();
|   ;
|   return 0;
| }
configure:18535: result: no
configure:18595: Cannot find DBUS headers. Please specify using option CXXFLAGS='-IPATH to DBUS files dbus/dbus.h  '.
configure:18601: Cannot find DBUS library. Please specify using option LDFLAGS='-LPATH to libdbus-1.a, libdbus-1.a or shared libraries libdbus.so or libdbus-1.so'.
configure:18613: checking  plugin "Vampir"
configure:18618: result:  deactivate.
configure:18641: checking  plugin "Paraver"
configure:18660: result:  activate.
configure:18675: checking  plugin "AdvancedColorMaps"
configure:18694: result:  activate.
configure:18811: Disable qDebug() and qWarning() with -DQT_NO_DEBUG_OUTPUT -DQT_NO_WARNING_OUTPUT
configure:19279: checking that generated files are newer than configure
configure:19285: result: done
configure:19389: creating ./config.status

## ---------------------- ##
## Running config.status. ##
## ---------------------- ##

This file was extended by CubeGUI config.status 4.4-TP3, which was
generated by GNU Autoconf 2.69.  Invocation command line was

  CONFIG_FILES    = 
  CONFIG_HEADERS  = 
  CONFIG_LINKS    = 
  CONFIG_COMMANDS = 
  $ ./config.status 

on localhost.localdomain

config.status:1243: creating ../src/tools/cubegui_config_data_frontend.cpp
config.status:1243: creating Makefile
config.status:1243: creating ../examples/Makefile.frontend
config.status:1351: WARNING:  '../examples/Makefile.frontend.in' seems to ignore the --datarootdir setting
config.status:1243: creating ../examples/GUI/plugins/simple/example-simple.pro
config.status:1243: creating ../examples/GUI/plugins/demo/demo-plugin.pro
config.status:1243: creating ../examples/GUI/plugins/colormap/colormap.pro
config.status:1243: creating ../examples/GUI/plugins/context-free/context-free.pro
config.status:1243: creating ../src/config-frontend.h
config.status:1472: executing depfiles commands
config.status:1472: executing libtool commands

## ---------------- ##
## Cache variables. ##
## ---------------- ##

ac_cv_build=x86_64-pc-linux-gnu
ac_cv_c_bigendian=no
ac_cv_c_compiler_gnu=yes
ac_cv_cxx_compiler_gnu=yes
ac_cv_env_CCC_set=
ac_cv_env_CCC_value=
ac_cv_env_CC_set=set
ac_cv_env_CC_value=gcc
ac_cv_env_CFLAGS_set=
ac_cv_env_CFLAGS_value=
ac_cv_env_CPPFLAGS_FOR_BUILD_set=
ac_cv_env_CPPFLAGS_FOR_BUILD_value=
ac_cv_env_CPPFLAGS_set=
ac_cv_env_CPPFLAGS_value=
ac_cv_env_CPP_set=
ac_cv_env_CPP_value=
ac_cv_env_CXXCPP_set=
ac_cv_env_CXXCPP_value=
ac_cv_env_CXXFLAGS_FOR_BUILD_set=
ac_cv_env_CXXFLAGS_FOR_BUILD_value=
ac_cv_env_CXXFLAGS_set=
ac_cv_env_CXXFLAGS_value=
ac_cv_env_CXX_FOR_BUILD_set=
ac_cv_env_CXX_FOR_BUILD_value=
ac_cv_env_CXX_set=set
ac_cv_env_CXX_value=g++
ac_cv_env_LDFLAGS_FOR_BUILD_set=
ac_cv_env_LDFLAGS_FOR_BUILD_value=
ac_cv_env_LDFLAGS_set=
ac_cv_env_LDFLAGS_value=
ac_cv_env_LIBS_FOR_BUILD_set=
ac_cv_env_LIBS_FOR_BUILD_value=
ac_cv_env_LIBS_set=
ac_cv_env_LIBS_value=
ac_cv_env_LT_SYS_LIBRARY_PATH_set=
ac_cv_env_LT_SYS_LIBRARY_PATH_value=
ac_cv_env_MOC_set=
ac_cv_env_MOC_value=
ac_cv_env_QMAKE_set=
ac_cv_env_QMAKE_value=
ac_cv_env_QT_PATH_set=
ac_cv_env_QT_PATH_value=
ac_cv_env_RCC_set=
ac_cv_env_RCC_value=
ac_cv_env_UIC_set=
ac_cv_env_UIC_value=
ac_cv_env_build_alias_set=
ac_cv_env_build_alias_value=
ac_cv_env_host_alias_set=
ac_cv_env_host_alias_value=
ac_cv_env_target_alias_set=
ac_cv_env_target_alias_value=
ac_cv_header_dbus_dbus_h=no
ac_cv_header_dlfcn_h=yes
ac_cv_header_inttypes_h=yes
ac_cv_header_memory_h=yes
ac_cv_header_stdc=yes
ac_cv_header_stdint_h=yes
ac_cv_header_stdlib_h=yes
ac_cv_header_string_h=yes
ac_cv_header_strings_h=yes
ac_cv_header_sys_stat_h=yes
ac_cv_header_sys_types_h=yes
ac_cv_header_unistd_h=yes
ac_cv_host=x86_64-pc-linux-gnu
ac_cv_objext=o
ac_cv_path_CUBE_CUBELIB=/home/kassuskley/Desktop/khedma/internship/julich/assignment/report/cubelib-install/bin/cubelib-config
ac_cv_path_EGREP='/usr/bin/grep -E'
ac_cv_path_FGREP='/usr/bin/grep -F'
ac_cv_path_GREP=/usr/bin/grep
ac_cv_path_MOC=/usr/lib64/qt4/bin/moc
ac_cv_path_QMAKE=/usr/lib64/qt4/bin/qmake
ac_cv_path_RCC=/usr/bin/rcc
ac_cv_path_SED=/usr/bin/sed
ac_cv_path_UIC=/usr/lib64/qt4/bin/uic
ac_cv_path_ac_pt_STRIP=/usr/bin/strip
ac_cv_path_install='/usr/bin/install -c'
ac_cv_path_lt_DD=/usr/bin/dd
ac_cv_path_mkdir=/usr/bin/mkdir
ac_cv_prog_AWK=gawk
ac_cv_prog_CPP='gcc -E'
ac_cv_prog_CXXCPP='g++ -E'
ac_cv_prog_ac_ct_AR=ar
ac_cv_prog_ac_ct_CC=gcc
ac_cv_prog_ac_ct_OBJDUMP=objdump
ac_cv_prog_ac_ct_RANLIB=ranlib
ac_cv_prog_cc_c89=
ac_cv_prog_cc_g=yes
ac_cv_prog_cc_gcc_c_o=yes
ac_cv_prog_cxx_g=yes
ac_cv_prog_make_make_set=yes
ac_cv_search_dbus_threads_init=no
am_cv_CC_dependencies_compiler_type=gcc3
am_cv_CXX_dependencies_compiler_type=gcc3
am_cv_ar_interface=ar
am_cv_make_support_nested_variables=yes
am_cv_prog_tar_pax=gnutar
at_cv_QT_SPEC=default
at_cv_QT_VERSION=4.8.7
at_cv_env_QT_CFLAGS='-pipe -O2 -Wall -W -D_REENTRANT $(QT_DEFINES)'
at_cv_env_QT_CXXFLAGS='-pipe -O2 -Wall -W -D_REENTRANT $(QT_DEFINES)'
at_cv_env_QT_DEFINES='-DQT_NO_DEBUG -DQT_PLUGIN -DQT_GUI_LIB -DQT_NETWORK_LIB -DQT_CORE_LIB -DQT_SHARED'
at_cv_env_QT_INCPATH='-I/usr/lib64/qt4/mkspecs/linux-g++ -I. -I/usr/include/QtCore -I/usr/include/QtNetwork -I/usr/include/QtGui -I/usr/include -I. -I.'
at_cv_env_QT_LDFLAGS=-Wl,-O1
at_cv_env_QT_LIBS='-L/usr/lib64 -lQtGui -lQtNetwork -lQtCore -lpthread '
at_cv_qt_build='ok, looks like at least Qt 4'
lt_cv_ar_at_file=@
lt_cv_archive_cmds_need_lc=no
lt_cv_deplibs_check_method=pass_all
lt_cv_file_magic_cmd='$MAGIC_CMD'
lt_cv_file_magic_test_file=
lt_cv_ld_reload_flag=-r
lt_cv_nm_interface='BSD nm'
lt_cv_objdir=.libs
lt_cv_path_LD=/usr/bin/ld
lt_cv_path_LDCXX='/usr/bin/ld -m elf_x86_64'
lt_cv_path_NM='/usr/bin/nm -B'
lt_cv_path_mainfest_tool=no
lt_cv_prog_compiler_c_o=yes
lt_cv_prog_compiler_c_o_CXX=yes
lt_cv_prog_compiler_pic='-fPIC -DPIC'
lt_cv_prog_compiler_pic_CXX='-fPIC -DPIC'
lt_cv_prog_compiler_pic_works=yes
lt_cv_prog_compiler_pic_works_CXX=yes
lt_cv_prog_compiler_rtti_exceptions=no
lt_cv_prog_compiler_static_works=no
lt_cv_prog_compiler_static_works_CXX=no
lt_cv_prog_gnu_ld=yes
lt_cv_prog_gnu_ldcxx=yes
lt_cv_sharedlib_from_linklib_cmd='printf %s\n'
lt_cv_shlibpath_overrides_runpath=no
lt_cv_sys_global_symbol_pipe='sed -n -e '\''s/^.*[	 ]\([ABCDGIRSTW][ABCDGIRSTW]*\)[	 ][	 ]*\([_A-Za-z][_A-Za-z0-9]*\)$/\1 \2 \2/p'\'' | sed '\''/ __gnu_lto/d'\'''
lt_cv_sys_global_symbol_to_c_name_address='sed -n -e '\''s/^: \(.*\) .*$/  {"\1", (void *) 0},/p'\'' -e '\''s/^[ABCDGIRSTW][ABCDGIRSTW]* .* \(.*\)$/  {"\1", (void *) \&\1},/p'\'''
lt_cv_sys_global_symbol_to_c_name_address_lib_prefix='sed -n -e '\''s/^: \(.*\) .*$/  {"\1", (void *) 0},/p'\'' -e '\''s/^[ABCDGIRSTW][ABCDGIRSTW]* .* \(lib.*\)$/  {"\1", (void *) \&\1},/p'\'' -e '\''s/^[ABCDGIRSTW][ABCDGIRSTW]* .* \(.*\)$/  {"lib\1", (void *) \&\1},/p'\'''
lt_cv_sys_global_symbol_to_cdecl='sed -n -e '\''s/^T .* \(.*\)$/extern int \1();/p'\'' -e '\''s/^[ABCDGIRSTW][ABCDGIRSTW]* .* \(.*\)$/extern char \1;/p'\'''
lt_cv_sys_global_symbol_to_import=
lt_cv_sys_max_cmd_len=1572864
lt_cv_to_host_file_cmd=func_convert_file_noop
lt_cv_to_tool_file_cmd=func_convert_file_noop
lt_cv_truncate_bin='/usr/bin/dd bs=4096 count=1'

## ----------------- ##
## Output variables. ##
## ----------------- ##

ACLOCAL='${SHELL} /home/kassuskley/Desktop/khedma/internship/julich/assignment/report/cubegui-4.4-TP3/build-config/missing aclocal-1.13'
AFS_PACKAGE_BUILD_NAME='FRONTEND'
AFS_PACKAGE_BUILD_name='frontend'
AFS_PACKAGE_NAME='CUBEGUI'
AFS_PACKAGE_TO_TOP='../'
AFS_PACKAGE_name='cubegui'
AMDEPBACKSLASH='\'
AMDEP_FALSE='#'
AMDEP_TRUE=''
AMTAR='$${TAR-tar}'
AM_BACKSLASH='\'
AM_DEFAULT_V='$(AM_DEFAULT_VERBOSITY)'
AM_DEFAULT_VERBOSITY='0'
AM_V='$(V)'
AR='ar'
AUTOCONF='${SHELL} /home/kassuskley/Desktop/khedma/internship/julich/assignment/report/cubegui-4.4-TP3/build-config/missing autoconf'
AUTOHEADER='${SHELL} /home/kassuskley/Desktop/khedma/internship/julich/assignment/report/cubegui-4.4-TP3/build-config/missing autoheader'
AUTOMAKE='${SHELL} /home/kassuskley/Desktop/khedma/internship/julich/assignment/report/cubegui-4.4-TP3/build-config/missing automake-1.13'
AWK='gawk'
BACKEND_PKGLIBDIR='/home/kassuskley/Desktop/khedma/internship/julich/assignment/report/cubegui-install/lib/'
BINDIR='/home/kassuskley/Desktop/khedma/internship/julich/assignment/report/cubegui-install/bin'
CC=' gcc'
CCDEPMODE='depmode=gcc3'
CFLAGS='-g -O2'
CPP='gcc -E'
CPPFLAGS=''
CPPFLAGS_FOR_BUILD=''
CUBELIB_CONFIG='/home/kassuskley/Desktop/khedma/internship/julich/assignment/report/cubelib-install/bin/cubelib-config'
CUBELIB_INCLUDEPATH='-I/home/kassuskley/Desktop/khedma/internship/julich/assignment/report/cubelib-install/include/cubelib'
CUBELIB_LDFLAGS=' -L/home/kassuskley/Desktop/khedma/internship/julich/assignment/report/cubelib-install/lib -Wl,-rpath -Wl,/home/kassuskley/Desktop/khedma/internship/julich/assignment/report/cubelib-install/lib'
CUBELIB_LIBADD=' -lcube4 -lz'
CUBE_CUBELIB='/home/kassuskley/Desktop/khedma/internship/julich/assignment/report/cubelib-install/bin/cubelib-config'
CUBE_DEBUG_FLAGS='-DQT_NO_DEBUG_OUTPUT -DQT_NO_WARNING_OUTPUT'
CUBE_SCOREP=''
CXX=' g++'
CXXCPP='g++ -E'
CXXDEPMODE='depmode=gcc3'
CXXFLAGS='-g -O2'
CXXFLAGS_FOR_BUILD=''
CXX_FOR_BUILD=''
CYGPATH_W='echo'
DBUS_AVAILABLE='no'
DBUS_CFLAGS=''
DBUS_CXXFLAGS=''
DBUS_LDFLAGS=''
DEFS='-DHAVE_CONFIG_H'
DEPDIR='.deps'
DLLTOOL='false'
DOCDIR='/home/kassuskley/Desktop/khedma/internship/julich/assignment/report/cubegui-install/share/doc/cubegui'
DSYMUTIL=''
DUMPBIN=''
ECHO_C=''
ECHO_N='-n'
ECHO_T=''
EGREP='/usr/bin/grep -E'
EXEEXT=''
FGREP='/usr/bin/grep -F'
FRONTEND_CXX='g++'
GREP='/usr/bin/grep'
HARDCODE_INTO_LIBS='1'
HARDCODE_LIBDIR_AIX_LIBPATH=''
HARDCODE_LIBDIR_FLAG_CC='$wl-rpath $wl$libdir'
HARDCODE_LIBDIR_FLAG_CXX='$wl-rpath $wl$libdir'
HARDCODE_LIBDIR_WL='-Wl,'
HMI_INSTRUMENTATION=''
INCLUDEDIR='/home/kassuskley/Desktop/khedma/internship/julich/assignment/report/cubegui-install/include'
INSTALL_DATA='${INSTALL} -m 644'
INSTALL_PROGRAM='${INSTALL}'
INSTALL_SCRIPT='${INSTALL}'
INSTALL_STRIP_PROGRAM='$(install_sh) -c -s'
LD='/usr/bin/ld -m elf_x86_64'
LDFLAGS=''
LDFLAGS_FOR_BUILD=''
LIBOBJS=''
LIBRARY_INTERFACE_VERSION='8:0:1'
LIBS=''
LIBS_FOR_BUILD=''
LIBTOOL='$(SHELL) $(top_builddir)/libtool'
LIBTOOL_DEPS='../build-config/ltmain.sh'
LIPO=''
LN_S='ln -s'
LTLIBOBJS=''
LT_SYS_LIBRARY_PATH=''
MAKEINFO='${SHELL} /home/kassuskley/Desktop/khedma/internship/julich/assignment/report/cubegui-4.4-TP3/build-config/missing makeinfo'
MANIFEST_TOOL=':'
MKDIR_P='/usr/bin/mkdir -p'
MOC='/usr/lib64/qt4/bin/moc'
NM='/usr/bin/nm -B'
NMEDIT=''
OBJDUMP='objdump'
OBJEXT='o'
OTOOL64=''
OTOOL=''
PACKAGE='cubegui'
PACKAGE_BUGREPORT='scalasca@fz-juelich.de'
PACKAGE_NAME='CubeGUI'
PACKAGE_STRING='CubeGUI 4.4-TP3'
PACKAGE_TARNAME='cubegui'
PACKAGE_URL='http://www.scalasca.org'
PACKAGE_VERSION='4.4-TP3'
PATH_SEPARATOR=':'
PKGDATADIR='/home/kassuskley/Desktop/khedma/internship/julich/assignment/report/cubegui-install/share/'
PKGLIBDIR='/home/kassuskley/Desktop/khedma/internship/julich/assignment/report/cubegui-install/lib/'
QMAKE='/usr/lib64/qt4/bin/qmake'
QT_CFLAGS='-pipe -O2 -Wall -W -D_REENTRANT $(QT_DEFINES)'
QT_CPPFLAGS='-DQT_NO_DEBUG -DQT_PLUGIN -DQT_GUI_LIB -DQT_NETWORK_LIB -DQT_CORE_LIB -DQT_SHARED -I/usr/lib64/qt4/mkspecs/linux-g++ -I. -I/usr/include/QtCore -I/usr/include/QtNetwork -I/usr/include/QtGui -I/usr/include -I. -I.'
QT_CXXFLAGS='-pipe -O2 -Wall -W -D_REENTRANT $(QT_DEFINES)'
QT_DEFINES='-DQT_NO_DEBUG -DQT_PLUGIN -DQT_GUI_LIB -DQT_NETWORK_LIB -DQT_CORE_LIB -DQT_SHARED'
QT_INCPATH='-I/usr/lib64/qt4/mkspecs/linux-g++ -I. -I/usr/include/QtCore -I/usr/include/QtNetwork -I/usr/include/QtGui -I/usr/include -I. -I.'
QT_LDFLAGS='-Wl,-O1'
QT_LFLAGS='-Wl,-O1'
QT_LIBS='-L/usr/lib64 -lQtGui -lQtNetwork -lQtCore -lpthread '
QT_PATH='.'
QT_SPECS='default'
QT_VERSION='4.8.7'
QT_VERSION_MAJOR='4'
RANLIB='ranlib'
RCC='/usr/bin/rcc'
SED='/usr/bin/sed'
SET_MAKE=''
SHELL='/bin/sh'
STRIP='/usr/bin/strip'
SYS_LIB_DLSEARCH_PATH_SPEC='/lib /usr/lib /usr/lib64/R/lib /usr/lib64/atlas /usr/lib64/bind99 /usr/lib64/iscsi /usr/lib64/tcl8.6 '
UIC='/usr/lib64/qt4/bin/uic'
VERSION='4.4-TP3'
WITH_GUI_PLUGIN_ADVANCEDCM_FALSE='#'
WITH_GUI_PLUGIN_ADVANCEDCM_TRUE=''
WITH_GUI_PLUGIN_BARPLOT_FALSE='#'
WITH_GUI_PLUGIN_BARPLOT_TRUE=''
WITH_GUI_PLUGIN_CUBE_DIFF_FALSE='#'
WITH_GUI_PLUGIN_CUBE_DIFF_TRUE=''
WITH_GUI_PLUGIN_GRAPHWIDGET_COMMON_FALSE='#'
WITH_GUI_PLUGIN_GRAPHWIDGET_COMMON_TRUE=''
WITH_GUI_PLUGIN_HEATMAP_FALSE='#'
WITH_GUI_PLUGIN_HEATMAP_TRUE=''
WITH_GUI_PLUGIN_LAUNCH_FALSE='#'
WITH_GUI_PLUGIN_LAUNCH_TRUE=''
WITH_GUI_PLUGIN_PARAVER_FALSE='#'
WITH_GUI_PLUGIN_PARAVER_TRUE=''
WITH_GUI_PLUGIN_SOURCE_EDITOR_FALSE='#'
WITH_GUI_PLUGIN_SOURCE_EDITOR_TRUE=''
WITH_GUI_PLUGIN_STATISTICS_FALSE='#'
WITH_GUI_PLUGIN_STATISTICS_TRUE=''
WITH_GUI_PLUGIN_VAMPIR_FALSE=''
WITH_GUI_PLUGIN_VAMPIR_TRUE='#'
ac_ct_AR='ar'
ac_ct_CC='gcc'
ac_ct_CXX=''
ac_ct_DUMPBIN=''
afs_srcdir='../'
am__EXEEXT_FALSE=''
am__EXEEXT_TRUE='#'
am__fastdepCC_FALSE='#'
am__fastdepCC_TRUE=''
am__fastdepCXX_FALSE='#'
am__fastdepCXX_TRUE=''
am__include='include'
am__isrc=''
am__leading_dot='.'
am__nodep='_no'
am__quote=''
am__tar='tar --format=posix -chf - "$$tardir"'
am__untar='tar -xf -'
bindir='${exec_prefix}/bin'
build='x86_64-pc-linux-gnu'
build_alias=''
build_cpu='x86_64'
build_os='linux-gnu'
build_vendor='pc'
datadir='${datarootdir}'
datarootdir='${prefix}/share'
docdir='${datarootdir}/doc/${PACKAGE_TARNAME}'
dvidir='${docdir}'
exec_prefix='${prefix}'
host='x86_64-pc-linux-gnu'
host_alias=''
host_cpu='x86_64'
host_os='linux-gnu'
host_vendor='pc'
htmldir='${docdir}'
includedir='${prefix}/include'
infodir='${datarootdir}/info'
install_sh='${SHELL} /home/kassuskley/Desktop/khedma/internship/julich/assignment/report/cubegui-4.4-TP3/build-config/install-sh'
libdir='${exec_prefix}/lib'
libexecdir='${exec_prefix}/libexec'
localedir='${datarootdir}/locale'
localstatedir='${prefix}/var'
mandir='${datarootdir}/man'
mkdir_p='$(MKDIR_P)'
oldincludedir='/usr/include'
pdfdir='${docdir}'
prefix='/home/kassuskley/Desktop/khedma/internship/julich/assignment/report/cubegui-install'
program_transform_name='s,x,x,'
psdir='${docdir}'
sbindir='${exec_prefix}/sbin'
sharedstatedir='${prefix}/com'
sysconfdir='${prefix}/etc'
target_alias=''

## ----------- ##
## confdefs.h. ##
## ----------- ##

/* confdefs.h */
#define PACKAGE_NAME "CubeGUI"
#define PACKAGE_TARNAME "cubegui"
#define PACKAGE_VERSION "4.4-TP3"
#define PACKAGE_STRING "CubeGUI 4.4-TP3"
#define PACKAGE_BUGREPORT "scalasca@fz-juelich.de"
#define PACKAGE_URL "http://www.scalasca.org"
#define LIBRARY_INTERFACE_VERSION "8:0:1"
#define PKGLIBEXECDIR "/home/kassuskley/Desktop/khedma/internship/julich/assignment/report/cubegui-install/libexec/"
#define PKGLIBEXECDIR "/home/kassuskley/Desktop/khedma/internship/julich/assignment/report/cubegui-install/libexec/"
#define PKGDATADIR "/home/kassuskley/Desktop/khedma/internship/julich/assignment/report/cubegui-install/share/"
#define CUBELIB_CONFIG "/home/kassuskley/Desktop/khedma/internship/julich/assignment/report/cubelib-install/bin/cubelib-config"
#define PACKAGE "cubegui"
#define VERSION "4.4-TP3"
#define AFS_PACKAGE_BUILD "frontend"
#define AFS_PACKAGE_SRCDIR "../"
#define AFS_PACKAGE_BUILD_name frontend
#define AFS_PACKAGE_BUILD_NAME FRONTEND
#define AFS_PACKAGE_name cubegui
#define AFS_PACKAGE_NAME CUBEGUI
#define STDC_HEADERS 1
#define HAVE_SYS_TYPES_H 1
#define HAVE_SYS_STAT_H 1
#define HAVE_STDLIB_H 1
#define HAVE_STRING_H 1
#define HAVE_MEMORY_H 1
#define HAVE_STRINGS_H 1
#define HAVE_INTTYPES_H 1
#define HAVE_STDINT_H 1
#define HAVE_UNISTD_H 1
#define HAVE_DLFCN_H 1
#define LT_OBJDIR ".libs/"
#define QT_PATH "/usr/lib64/qt4/bin/qmake"
#define QT_SPECS "default"
#define QT_VERSION_CUBE "4.8.7"

configure: exit 0
