This file contains any messages produced by compilers while
running configure, to aid debugging if configure makes a mistake.

It was created by CubeGUI configure 4.4-TP3, which was
generated by GNU Autoconf 2.69.  Invocation command line was

  $ ./configure --prefix=/home/kassuskley/Desktop/khedma/internship/julich/assignment/report/cubegui-install

## --------- ##
## Platform. ##
## --------- ##

hostname = localhost.localdomain
uname -m = x86_64
uname -r = 4.5.5-300.fc24.x86_64
uname -s = Linux
uname -v = #1 SMP Thu May 19 13:05:32 UTC 2016

/usr/bin/uname -p = x86_64
/bin/uname -X     = unknown

/bin/arch              = x86_64
/usr/bin/arch -k       = unknown
/usr/convex/getsysinfo = unknown
/usr/bin/hostinfo      = unknown
/bin/machine           = unknown
/usr/bin/oslevel       = unknown
/bin/universe          = unknown

PATH: /usr/local/bin/lustre-v4-III-ca-linux64/bin
PATH: /usr/local/bin/lustre-v4-III-ca-linux64/bin
PATH: /usr/lib64/ccache
PATH: /usr/local/bin
PATH: /usr/local/sbin
PATH: /usr/bin
PATH: /usr/sbin
PATH: /usr/local/bin/lustre-v4-III-ca-linux64/esterelv5_21.linux/bin
PATH: /home/kassuskley/Desktop/khedma/internship/julich/assignment/report/cubelib-install/bin
PATH: /home/kassuskley/Desktop/khedma/internship/julich/assignment/report/cubegui-install/
PATH: /usr/local/bin/gcc-arm-none-eabi-4_8-2014q3/bin/
PATH: /home/kassuskley/.local/bin
PATH: /home/kassuskley/bin
PATH: /usr/local/bin/lustre-v4-III-ca-linux64/esterelv5_21.linux/bin
PATH: /home/kassuskley/Desktop/khedma/internship/julich/assignment/report/cubelib-install/bin
PATH: /home/kassuskley/Desktop/khedma/internship/julich/assignment/report/cubegui-install/
PATH: /usr/local/bin/gcc-arm-none-eabi-4_8-2014q3/bin/


## ----------- ##
## Core tests. ##
## ----------- ##

configure:1897: checking for a BSD-compatible install
configure:1965: result: /usr/bin/install -c
configure:1976: checking whether build environment is sane
configure:2031: result: yes
configure:2182: checking for a thread-safe mkdir -p
configure:2221: result: /usr/bin/mkdir -p
configure:2228: checking for gawk
configure:2244: found /usr/bin/gawk
configure:2255: result: gawk
configure:2266: checking whether make sets $(MAKE)
configure:2288: result: yes
configure:2317: checking whether make supports nested variables
configure:2334: result: yes
configure:2413: checking how to create a pax tar archive
configure:2424: tar --version
tar (GNU tar) 1.28
Copyright (C) 2014 Free Software Foundation, Inc.
License GPLv3+: GNU GPL version 3 or later <http://gnu.org/licenses/gpl.html>.
This is free software: you are free to change and redistribute it.
There is NO WARRANTY, to the extent permitted by law.

Written by John Gilmore and Jay Fenlason.
configure:2427: $? = 0
configure:2467: tardir=conftest.dir && eval tar --format=posix -chf - "$tardir" >conftest.tar
configure:2470: $? = 0
configure:2474: tar -xf - <conftest.tar
configure:2477: $? = 0
configure:2479: cat conftest.dir/file
GrepMe
configure:2482: $? = 0
configure:2495: result: gnutar
configure:2514: checking whether make supports nested variables
configure:2531: result: yes
configure:2592: checking for uncrustify
configure:2620: result: no
configure:2868: checking build system type
configure:2882: result: x86_64-pc-linux-gnu
configure:2917: checking for platform
configure:2985: result: linux (auto detected)
configure:3375: checking for cross compilation
configure:3377: result: no
configure:3568: checking for doxygen
configure:3586: found /usr/bin/doxygen
configure:3598: result: /usr/bin/doxygen
configure:3620: checking for dot
configure:3648: result: no
configure:3658: checking for pdflatex
configure:3674: found /usr/bin/pdflatex
configure:3686: result: yes
configure:3696: checking for makeindex
configure:3712: found /usr/bin/makeindex
configure:3724: result: yes

## ---------------- ##
## Cache variables. ##
## ---------------- ##

ac_cv_build=x86_64-pc-linux-gnu
ac_cv_env_build_alias_set=
ac_cv_env_build_alias_value=
ac_cv_env_host_alias_set=
ac_cv_env_host_alias_value=
ac_cv_env_target_alias_set=
ac_cv_env_target_alias_value=
ac_cv_path_DOXYGEN=/usr/bin/doxygen
ac_cv_path_install='/usr/bin/install -c'
ac_cv_path_mkdir=/usr/bin/mkdir
ac_cv_prog_AWK=gawk
ac_cv_prog_ac_scorep_have_uncrustify=no
ac_cv_prog_have_dot=no
ac_cv_prog_have_makeindex=yes
ac_cv_prog_have_pdflatex=yes
ac_cv_prog_make_make_set=yes
am_cv_make_support_nested_variables=yes
am_cv_prog_tar_pax=gnutar

## ----------------- ##
## Output variables. ##
## ----------------- ##

ACLOCAL='${SHELL} /home/kassuskley/Desktop/khedma/internship/julich/assignment/report/julich_testAssignment_cubePlugin/cubegui-4.4-TP3/build-config/missing aclocal-1.13'
AFS_PACKAGE_NAME='CUBEGUI'
AFS_PACKAGE_name='cubegui'
AMTAR='$${TAR-tar}'
AM_BACKSLASH='\'
AM_DEFAULT_V='$(AM_DEFAULT_VERBOSITY)'
AM_DEFAULT_VERBOSITY='0'
AM_V='$(V)'
ANOTHER_CUBE_FALSE=''
ANOTHER_CUBE_TRUE='#'
AUTOCONF='${SHELL} /home/kassuskley/Desktop/khedma/internship/julich/assignment/report/julich_testAssignment_cubePlugin/cubegui-4.4-TP3/build-config/missing autoconf'
AUTOHEADER='${SHELL} /home/kassuskley/Desktop/khedma/internship/julich/assignment/report/julich_testAssignment_cubePlugin/cubegui-4.4-TP3/build-config/missing autoheader'
AUTOMAKE='${SHELL} /home/kassuskley/Desktop/khedma/internship/julich/assignment/report/julich_testAssignment_cubePlugin/cubegui-4.4-TP3/build-config/missing automake-1.13'
AWK='gawk'
CUBEGUI_BUILD_CODENAME=''
CUBEGUI_BUILD_REVISION='15343'
CUBEGUI_BUILD_SHORT_NAME='CubeGUI'
CUBEGUI_BUILD_VERSION='4.4-TP3'
CYGPATH_W='echo'
DEFS=''
DOXYGEN='/usr/bin/doxygen'
ECHO_C=''
ECHO_N='-n'
ECHO_T=''
HAVE_DOXYGEN_FALSE='#'
HAVE_DOXYGEN_LATEX_FALSE='#'
HAVE_DOXYGEN_LATEX_TRUE=''
HAVE_DOXYGEN_TRUE=''
HAVE_UNCRUSTIFY_FALSE=''
HAVE_UNCRUSTIFY_TRUE='#'
INSTALL_DATA='${INSTALL} -m 644'
INSTALL_PROGRAM='${INSTALL}'
INSTALL_SCRIPT='${INSTALL}'
INSTALL_STRIP_PROGRAM='$(install_sh) -c -s'
LIBOBJS=''
LIBRARY_AGE='1'
LIBRARY_CURRENT='8'
LIBRARY_REVISION='0'
LIBS=''
LTLIBOBJS=''
MAKEINFO='${SHELL} /home/kassuskley/Desktop/khedma/internship/julich/assignment/report/julich_testAssignment_cubePlugin/cubegui-4.4-TP3/build-config/missing makeinfo'
MKDIR_P='/usr/bin/mkdir -p'
OVERWRITE_CUBE_FALSE=''
OVERWRITE_CUBE_TRUE='#'
PACKAGE='cubegui'
PACKAGE_BUGFIX='0'
PACKAGE_BUGREPORT='scalasca@fz-juelich.de'
PACKAGE_MAJOR='4'
PACKAGE_MINOR='4'
PACKAGE_NAME='CubeGUI'
PACKAGE_STRING='CubeGUI 4.4-TP3'
PACKAGE_SUFFIX='TP3'
PACKAGE_TARNAME='cubegui'
PACKAGE_URL='http://www.scalasca.org'
PACKAGE_VERSION='4.4-TP3'
PATH_SEPARATOR=':'
PLATFORM_AIX_FALSE=''
PLATFORM_AIX_TRUE='#'
PLATFORM_ALTIX_FALSE=''
PLATFORM_ALTIX_TRUE='#'
PLATFORM_ARM_FALSE=''
PLATFORM_ARM_TRUE='#'
PLATFORM_BGL_FALSE=''
PLATFORM_BGL_TRUE='#'
PLATFORM_BGP_FALSE=''
PLATFORM_BGP_TRUE='#'
PLATFORM_BGQ_FALSE=''
PLATFORM_BGQ_TRUE='#'
PLATFORM_CRAYXC_FALSE=''
PLATFORM_CRAYXC_TRUE='#'
PLATFORM_CRAYXE_FALSE=''
PLATFORM_CRAYXE_TRUE='#'
PLATFORM_CRAYXK_FALSE=''
PLATFORM_CRAYXK_TRUE='#'
PLATFORM_CRAYXT_FALSE=''
PLATFORM_CRAYXT_TRUE='#'
PLATFORM_CRAY_FALSE=''
PLATFORM_CRAY_TRUE='#'
PLATFORM_CYGWIN_FALSE=''
PLATFORM_CYGWIN_TRUE='#'
PLATFORM_FX100_FALSE=''
PLATFORM_FX100_TRUE='#'
PLATFORM_FX10_FALSE=''
PLATFORM_FX10_TRUE='#'
PLATFORM_K_FALSE=''
PLATFORM_K_TRUE='#'
PLATFORM_LINUX_FALSE='#'
PLATFORM_LINUX_TRUE=''
PLATFORM_MAC_FALSE=''
PLATFORM_MAC_TRUE='#'
PLATFORM_MIC_FALSE=''
PLATFORM_MIC_TRUE='#'
PLATFORM_MINGW_FALSE=''
PLATFORM_MINGW_TRUE='#'
PLATFORM_NECSX_FALSE=''
PLATFORM_NECSX_TRUE='#'
PLATFORM_SOLARIS_FALSE=''
PLATFORM_SOLARIS_TRUE='#'
SET_MAKE=''
SHELL='/bin/sh'
STRIP=''
SVN_CONTROLLED_FALSE=''
SVN_CONTROLLED_TRUE='#'
VERSION='4.4-TP3'
ac_scorep_doxygen_distdir=''
ac_scorep_have_uncrustify='no'
am__isrc=''
am__leading_dot='.'
am__tar='tar --format=posix -chf - "$$tardir"'
am__untar='tar -xf -'
backend_targets=''
bindir='${exec_prefix}/bin'
build='x86_64-pc-linux-gnu'
build_alias=''
build_cpu='x86_64'
build_os='linux-gnu'
build_vendor='pc'
datadir='${datarootdir}'
datarootdir='${prefix}/share'
docdir='${datarootdir}/doc/${PACKAGE_TARNAME}'
dvidir='${docdir}'
exec_prefix='NONE'
frontend_targets=''
have_dot='no'
have_doxygen_latex='yes'
have_makeindex='yes'
have_pdflatex='yes'
host_alias=''
htmldir='${docdir}'
includedir='${prefix}/include'
infodir='${datarootdir}/info'
install_sh='${SHELL} /home/kassuskley/Desktop/khedma/internship/julich/assignment/report/julich_testAssignment_cubePlugin/cubegui-4.4-TP3/build-config/install-sh'
libdir='${exec_prefix}/lib'
libexecdir='${exec_prefix}/libexec'
localedir='${datarootdir}/locale'
localstatedir='${prefix}/var'
mandir='${datarootdir}/man'
mic_targets=''
mkdir_p='$(MKDIR_P)'
oldincludedir='/usr/include'
pdfdir='${docdir}'
prefix='/home/kassuskley/Desktop/khedma/internship/julich/assignment/report/cubegui-install'
program_transform_name='s,x,x,'
psdir='${docdir}'
sbindir='${exec_prefix}/sbin'
sharedstatedir='${prefix}/com'
sysconfdir='${prefix}/etc'
target_alias=''

## ----------- ##
## confdefs.h. ##
## ----------- ##

/* confdefs.h */
#define PACKAGE_NAME "CubeGUI"
#define PACKAGE_TARNAME "cubegui"
#define PACKAGE_VERSION "4.4-TP3"
#define PACKAGE_STRING "CubeGUI 4.4-TP3"
#define PACKAGE_BUGREPORT "scalasca@fz-juelich.de"
#define PACKAGE_URL "http://www.scalasca.org"
#define PACKAGE "cubegui"
#define VERSION "4.4-TP3"
#define SCOREP_IN_PRODUCTION /**/
#define HAVE_PLATFORM_LINUX 1

configure: exit 2
